<?xml version="1.0" encoding="UTF-8"?>
<!-- Generated by org.testng.reporters.JUnitXMLReporter -->
<testsuite ignored="0" hostname="JAI" failures="0" tests="6" name="Default test" time="23.765" errors="0" timestamp="2024-08-12T22:03:34 IST">
  <testcase classname="Test_Case.Test_Case_Amazon" name="Amazon_login" time="6.862"/>
  <testcase classname="Test_Case.Test_Case_Amazon" name="SearchProduct" time="1.544"/>
  <testcase classname="Test_Case.Test_Case_Amazon" name="Select_Macbook" time="7.018"/>
  <testcase classname="Test_Case.Test_Case_Flipkart" name="FlipKart_SearchProduct" time="5.208"/>
  <testcase classname="Test_Case.Test_Case_Flipkart" name="Extract_ProductDetails" time="0.129"/>
  <testcase classname="Test_Case.Test_Case_Result_BestShopping" name="Compare_price" time="0.004"/>
</testsuite> <!-- Default test -->
