<?xml version="1.0" encoding="UTF-8"?>
<testng-results ignored="0" total="6" passed="6" failed="0" skipped="0">
  <reporter-output>
  </reporter-output>
  <suite started-at="2024-08-12T22:03:10 IST" name="Default suite" finished-at="2024-08-12T22:03:34 IST" duration-ms="23765">
    <groups>
      <group name="Flipkart">
        <method signature="Test_Case_Flipkart.FlipKart_SearchProduct()[pri:3, instance:Test_Case.Test_Case_Result_BestShopping@6f1de4c7]" name="FlipKart_SearchProduct" class="Test_Case.Test_Case_Flipkart"/>
        <method signature="Test_Case_Flipkart.Extract_ProductDetails()[pri:4, instance:Test_Case.Test_Case_Result_BestShopping@6f1de4c7]" name="Extract_ProductDetails" class="Test_Case.Test_Case_Flipkart"/>
      </group> <!-- Flipkart -->
      <group name="Amazon">
        <method signature="Test_Case_Amazon.Amazon_login()[pri:0, instance:Test_Case.Test_Case_Result_BestShopping@6f1de4c7]" name="Amazon_login" class="Test_Case.Test_Case_Amazon"/>
        <method signature="Test_Case_Amazon.SearchProduct()[pri:1, instance:Test_Case.Test_Case_Result_BestShopping@6f1de4c7]" name="SearchProduct" class="Test_Case.Test_Case_Amazon"/>
        <method signature="Test_Case_Amazon.Select_Macbook()[pri:2, instance:Test_Case.Test_Case_Result_BestShopping@6f1de4c7]" name="Select_Macbook" class="Test_Case.Test_Case_Amazon"/>
      </group> <!-- Amazon -->
    </groups>
    <test started-at="2024-08-12T22:03:10 IST" name="Default test" finished-at="2024-08-12T22:03:34 IST" duration-ms="23765">
      <class name="Test_Case.Test_Case_Result_BestShopping">
        <test-method is-config="true" signature="GoogleSearch()[pri:0, instance:Test_Case.Test_Case_Result_BestShopping@6f1de4c7]" started-at="2024-08-12T22:03:10 IST" name="GoogleSearch" finished-at="2024-08-12T22:03:13 IST" duration-ms="2442" status="PASS">
          <reporter-output>
          </reporter-output>
        </test-method> <!-- GoogleSearch -->
        <test-method is-config="true" signature="Initalize_AmazonPages()[pri:0, instance:Test_Case.Test_Case_Result_BestShopping@6f1de4c7]" started-at="2024-08-12T22:03:13 IST" name="Initalize_AmazonPages" finished-at="2024-08-12T22:03:13 IST" duration-ms="28" status="PASS">
          <reporter-output>
          </reporter-output>
        </test-method> <!-- Initalize_AmazonPages -->
        <test-method signature="Amazon_login()[pri:0, instance:Test_Case.Test_Case_Result_BestShopping@6f1de4c7]" started-at="2024-08-12T22:03:13 IST" name="Amazon_login" finished-at="2024-08-12T22:03:19 IST" duration-ms="6862" status="PASS">
          <reporter-output>
          </reporter-output>
        </test-method> <!-- Amazon_login -->
        <test-method signature="SearchProduct()[pri:1, instance:Test_Case.Test_Case_Result_BestShopping@6f1de4c7]" started-at="2024-08-12T22:03:19 IST" name="SearchProduct" finished-at="2024-08-12T22:03:21 IST" duration-ms="1544" status="PASS">
          <reporter-output>
          </reporter-output>
        </test-method> <!-- SearchProduct -->
        <test-method signature="Select_Macbook()[pri:2, instance:Test_Case.Test_Case_Result_BestShopping@6f1de4c7]" started-at="2024-08-12T22:03:21 IST" name="Select_Macbook" finished-at="2024-08-12T22:03:28 IST" duration-ms="7018" status="PASS">
          <reporter-output>
          </reporter-output>
        </test-method> <!-- Select_Macbook -->
        <test-method is-config="true" signature="Initalize_FilpkartPages()[pri:0, instance:Test_Case.Test_Case_Result_BestShopping@6f1de4c7]" started-at="2024-08-12T22:03:28 IST" name="Initalize_FilpkartPages" finished-at="2024-08-12T22:03:28 IST" duration-ms="13" status="PASS">
          <reporter-output>
          </reporter-output>
        </test-method> <!-- Initalize_FilpkartPages -->
        <test-method signature="FlipKart_SearchProduct()[pri:3, instance:Test_Case.Test_Case_Result_BestShopping@6f1de4c7]" started-at="2024-08-12T22:03:28 IST" name="FlipKart_SearchProduct" finished-at="2024-08-12T22:03:33 IST" duration-ms="5208" status="PASS">
          <reporter-output>
          </reporter-output>
        </test-method> <!-- FlipKart_SearchProduct -->
        <test-method signature="Extract_ProductDetails()[pri:4, instance:Test_Case.Test_Case_Result_BestShopping@6f1de4c7]" started-at="2024-08-12T22:03:33 IST" name="Extract_ProductDetails" finished-at="2024-08-12T22:03:33 IST" duration-ms="129" status="PASS">
          <reporter-output>
          </reporter-output>
        </test-method> <!-- Extract_ProductDetails -->
        <test-method signature="Compare_price()[pri:5, instance:Test_Case.Test_Case_Result_BestShopping@6f1de4c7]" started-at="2024-08-12T22:03:33 IST" name="Compare_price" finished-at="2024-08-12T22:03:33 IST" duration-ms="4" status="PASS">
          <reporter-output>
          </reporter-output>
        </test-method> <!-- Compare_price -->
        <test-method is-config="true" signature="logout()[pri:0, instance:Test_Case.Test_Case_Result_BestShopping@6f1de4c7]" started-at="2024-08-12T22:03:33 IST" name="logout" finished-at="2024-08-12T22:03:34 IST" duration-ms="358" status="PASS">
          <reporter-output>
          </reporter-output>
        </test-method> <!-- logout -->
      </class> <!-- Test_Case.Test_Case_Result_BestShopping -->
    </test> <!-- Default test -->
  </suite> <!-- Default suite -->
</testng-results>
